# JRE version: Java(TM) SE Runtime Environment (8.0_121-b13) (build 1.8.0_121-b13)
# Java VM: Java HotSpot(TM) 64-Bit Server VM (25.121-b13 mixed mode windows-amd64 compressed oops)
Heap:
 PSYoungGen      total 195072K, used 184629K [0x00000000d7200000, 0x00000000e3c80000, 0x0000000100000000)
  eden space 184832K, 95% used [0x00000000d7200000,0x00000000e1e18828,0x00000000e2680000)
  from space 10240K, 82% used [0x00000000e3280000,0x00000000e3ab4cd0,0x00000000e3c80000)
  to   space 11264K, 0% used [0x00000000e2680000,0x00000000e2680000,0x00000000e3180000)
 ParOldGen       total 76800K, used 21238K [0x0000000085600000, 0x000000008a100000, 0x00000000d7200000)
  object space 76800K, 27% used [0x0000000085600000,0x0000000086abdae8,0x000000008a100000)
 Metaspace       used 44313K, capacity 46876K, committed 47232K, reserved 1089536K
  class space    used 6158K, capacity 6673K, committed 6784K, reserved 1048576K
GC Heap History (10 events):
Event: 6.260 GC heap before
{Heap before GC invocations=10 (full 1):
 PSYoungGen      total 136192K, used 126974K [0x00000000d7200000, 0x00000000e0000000, 0x0000000100000000)
  eden space 126976K, 99% used [0x00000000d7200000,0x00000000dedff8f0,0x00000000dee00000)
  from space 9216K, 0% used [0x00000000df700000,0x00000000df700000,0x00000000e0000000)
  to   space 9216K, 0% used [0x00000000dee00000,0x00000000dee00000,0x00000000df700000)
 ParOldGen       total 48128K, used 6942K [0x0000000085600000, 0x0000000088500000, 0x00000000d7200000)
  object space 48128K, 14% used [0x0000000085600000,0x0000000085cc7ab0,0x0000000088500000)
 Metaspace       used 26082K, capacity 27268K, committed 27392K, reserved 1073152K
  class space    used 3520K, capacity 3788K, committed 3840K, reserved 1048576K
Event: 6.267 GC heap after
Heap after GC invocations=10 (full 1):
 PSYoungGen      total 136192K, used 8488K [0x00000000d7200000, 0x00000000e3c80000, 0x0000000100000000)
  eden space 126976K, 0% used [0x00000000d7200000,0x00000000d7200000,0x00000000dee00000)
  from space 9216K, 92% used [0x00000000dee00000,0x00000000df64a180,0x00000000df700000)
  to   space 10240K, 0% used [0x00000000e3280000,0x00000000e3280000,0x00000000e3c80000)
 ParOldGen       total 48128K, used 6950K [0x0000000085600000, 0x0000000088500000, 0x00000000d7200000)
  object space 48128K, 14% used [0x0000000085600000,0x0000000085cc9ab0,0x0000000088500000)
 Metaspace       used 26082K, capacity 27268K, committed 27392K, reserved 1073152K
  class space    used 3520K, capacity 3788K, committed 3840K, reserved 1048576K
}
Event: 6.835 GC heap before
{Heap before GC invocations=11 (full 1):
 PSYoungGen      total 136192K, used 135464K [0x00000000d7200000, 0x00000000e3c80000, 0x0000000100000000)
  eden space 126976K, 100% used [0x00000000d7200000,0x00000000dee00000,0x00000000dee00000)
  from space 9216K, 92% used [0x00000000dee00000,0x00000000df64a180,0x00000000df700000)
  to   space 10240K, 0% used [0x00000000e3280000,0x00000000e3280000,0x00000000e3c80000)
 ParOldGen       total 48128K, used 6950K [0x0000000085600000, 0x0000000088500000, 0x00000000d7200000)
  object space 48128K, 14% used [0x0000000085600000,0x0000000085cc9ab0,0x0000000088500000)
 Metaspace       used 27844K, capacity 29142K, committed 29184K, reserved 1075200K
  class space    used 3762K, capacity 4063K, committed 4096K, reserved 1048576K
Event: 6.844 GC heap after
Heap after GC invocations=11 (full 1):
 PSYoungGen      total 195072K, used 10225K [0x00000000d7200000, 0x00000000e3c80000, 0x0000000100000000)
  eden space 184832K, 0% used [0x00000000d7200000,0x00000000d7200000,0x00000000e2680000)
  from space 10240K, 99% used [0x00000000e3280000,0x00000000e3c7c4a0,0x00000000e3c80000)
  to   space 11264K, 0% used [0x00000000e2680000,0x00000000e2680000,0x00000000e3180000)
 ParOldGen       total 48128K, used 7616K [0x0000000085600000, 0x0000000088500000, 0x00000000d7200000)
  object space 48128K, 15% used [0x0000000085600000,0x0000000085d70348,0x0000000088500000)
 Metaspace       used 27844K, capacity 29142K, committed 29184K, reserved 1075200K
  class space    used 3762K, capacity 4063K, committed 4096K, reserved 1048576K
}
Event: 7.695 GC heap before
{Heap before GC invocations=12 (full 1):
 PSYoungGen      total 195072K, used 164590K [0x00000000d7200000, 0x00000000e3c80000, 0x0000000100000000)
  eden space 184832K, 83% used [0x00000000d7200000,0x00000000e08bf3a0,0x00000000e2680000)
  from space 10240K, 99% used [0x00000000e3280000,0x00000000e3c7c4a0,0x00000000e3c80000)
  to   space 11264K, 0% used [0x00000000e2680000,0x00000000e2680000,0x00000000e3180000)
 ParOldGen       total 48128K, used 7616K [0x0000000085600000, 0x0000000088500000, 0x00000000d7200000)
  object space 48128K, 15% used [0x0000000085600000,0x0000000085d70348,0x0000000088500000)
 Metaspace       used 33672K, capacity 35408K, committed 35416K, reserved 1079296K
  class space    used 4638K, capacity 4984K, committed 4992K, reserved 1048576K
Event: 7.705 GC heap after
Heap after GC invocations=12 (full 1):
 PSYoungGen      total 196096K, used 10798K [0x00000000d7200000, 0x00000000e3c80000, 0x0000000100000000)
  eden space 184832K, 0% used [0x00000000d7200000,0x00000000d7200000,0x00000000e2680000)
  from space 11264K, 95% used [0x00000000e2680000,0x00000000e310b838,0x00000000e3180000)
  to   space 10240K, 0% used [0x00000000e3280000,0x00000000e3280000,0x00000000e3c80000)
 ParOldGen       total 48128K, used 13146K [0x0000000085600000, 0x0000000088500000, 0x00000000d7200000)
  object space 48128K, 27% used [0x0000000085600000,0x00000000862d6978,0x0000000088500000)
 Metaspace       used 33672K, capacity 35408K, committed 35416K, reserved 1079296K
  class space    used 4638K, capacity 4984K, committed 4992K, reserved 1048576K
}
Event: 7.705 GC heap before
{Heap before GC invocations=13 (full 2):
 PSYoungGen      total 196096K, used 10798K [0x00000000d7200000, 0x00000000e3c80000, 0x0000000100000000)
  eden space 184832K, 0% used [0x00000000d7200000,0x00000000d7200000,0x00000000e2680000)
  from space 11264K, 95% used [0x00000000e2680000,0x00000000e310b838,0x00000000e3180000)
  to   space 10240K, 0% used [0x00000000e3280000,0x00000000e3280000,0x00000000e3c80000)
 ParOldGen       total 48128K, used 13146K [0x0000000085600000, 0x0000000088500000, 0x00000000d7200000)
  object space 48128K, 27% used [0x0000000085600000,0x00000000862d6978,0x0000000088500000)
 Metaspace       used 33672K, capacity 35408K, committed 35416K, reserved 1079296K
  class space    used 4638K, capacity 4984K, committed 4992K, reserved 1048576K
Event: 7.794 GC heap after
Heap after GC invocations=13 (full 2):
 PSYoungGen      total 196096K, used 0K [0x00000000d7200000, 0x00000000e3c80000, 0x0000000100000000)
  eden space 184832K, 0% used [0x00000000d7200000,0x00000000d7200000,0x00000000e2680000)
  from space 11264K, 0% used [0x00000000e2680000,0x00000000e2680000,0x00000000e3180000)
  to   space 10240K, 0% used [0x00000000e3280000,0x00000000e3280000,0x00000000e3c80000)
 ParOldGen       total 76800K, used 21230K [0x0000000085600000, 0x000000008a100000, 0x00000000d7200000)
  object space 76800K, 27% used [0x0000000085600000,0x0000000086abbae8,0x000000008a100000)
 Metaspace       used 33665K, capacity 35388K, committed 35416K, reserved 1079296K
  class space    used 4635K, capacity 4980K, committed 4992K, reserved 1048576K
}
Event: 8.688 GC heap before
{Heap before GC invocations=14 (full 2):
 PSYoungGen      total 196096K, used 184832K [0x00000000d7200000, 0x00000000e3c80000, 0x0000000100000000)
  eden space 184832K, 100% used [0x00000000d7200000,0x00000000e2680000,0x00000000e2680000)
  from space 11264K, 0% used [0x00000000e2680000,0x00000000e2680000,0x00000000e3180000)
  to   space 10240K, 0% used [0x00000000e3280000,0x00000000e3280000,0x00000000e3c80000)
 ParOldGen       total 76800K, used 21230K [0x0000000085600000, 0x000000008a100000, 0x00000000d7200000)
  object space 76800K, 27% used [0x0000000085600000,0x0000000086abbae8,0x000000008a100000)
 Metaspace       used 37076K, capacity 39226K, committed 39296K, reserved 1083392K
  class space    used 5055K, capacity 5465K, committed 5504K, reserved 1048576K
Event: 8.696 GC heap after
Heap after GC invocations=14 (full 2):
 PSYoungGen      total 195072K, used 8403K [0x00000000d7200000, 0x00000000e3c80000, 0x0000000100000000)
  eden space 184832K, 0% used [0x00000000d7200000,0x00000000d7200000,0x00000000e2680000)
  from space 10240K, 82% used [0x00000000e3280000,0x00000000e3ab4cd0,0x00000000e3c80000)
  to   space 11264K, 0% used [0x00000000e2680000,0x00000000e2680000,0x00000000e3180000)
 ParOldGen       total 76800K, used 21238K [0x0000000085600000, 0x000000008a100000, 0x00000000d7200000)
  object space 76800K, 27% used [0x0000000085600000,0x0000000086abdae8,0x000000008a100000)
 Metaspace       used 37076K, capacity 39226K, committed 39296K, reserved 1083392K
  class space    used 5055K, capacity 5465K, committed 5504K, reserved 1048576K
}

